c:\development\plengine\plengine\bin\intermediates\debug\win32\vc141.pdb
c:\development\plengine\plengine\bin\intermediates\debug\win32\vc141.idb
c:\development\plengine\plengine\bin\intermediates\debug\win32\player.obj
c:\development\plengine\plengine\bin\intermediates\debug\win32\physics.obj
c:\development\plengine\plengine\bin\intermediates\debug\win32\server.obj
c:\development\plengine\plengine\bin\intermediates\debug\win32\client.obj
c:\development\plengine\plengine\bin\intermediates\debug\win32\math.obj
c:\development\plengine\plengine\bin\intermediates\debug\win32\input.obj
c:\development\plengine\plengine\bin\intermediates\debug\win32\graphics_main.obj
c:\development\plengine\plengine\bin\intermediates\debug\win32\graphics.obj
c:\development\plengine\plengine\bin\intermediates\debug\win32\main.obj
c:\development\plengine\plengine\bin\debug\win32\plengine.exe
c:\development\plengine\plengine\bin\debug\win32\plengine.ilk
c:\development\plengine\plengine\bin\debug\win32\plengine.pdb
c:\development\plengine\plengine\bin\intermediates\debug\win32\plengine.tlog\cl.command.1.tlog
c:\development\plengine\plengine\bin\intermediates\debug\win32\plengine.tlog\cl.read.1.tlog
c:\development\plengine\plengine\bin\intermediates\debug\win32\plengine.tlog\cl.write.1.tlog
c:\development\plengine\plengine\bin\intermediates\debug\win32\plengine.tlog\link.command.1.tlog
c:\development\plengine\plengine\bin\intermediates\debug\win32\plengine.tlog\link.read.1.tlog
c:\development\plengine\plengine\bin\intermediates\debug\win32\plengine.tlog\link.write.1.tlog
